  dz_change_code.cpp
C:\Users\HP\source\repos\C++Shag\dz_change_code\dz_change_code\dz_change_code.cpp(27,1): warning C4326: return type of 'main' should be 'int' instead of 'void'
C:\Users\HP\source\repos\C++Shag\dz_change_code\dz_change_code\dz_change_code.cpp(45,21): warning C4838: conversion from 'int' to 'SHORT' requires a narrowing conversion
C:\Users\HP\source\repos\C++Shag\dz_change_code\dz_change_code\dz_change_code.cpp(45,28): warning C4838: conversion from 'int' to 'SHORT' requires a narrowing conversion
C:\Users\HP\source\repos\C++Shag\dz_change_code\dz_change_code\dz_change_code.cpp(53,19): warning C4838: conversion from 'int' to 'SHORT' requires a narrowing conversion
C:\Users\HP\source\repos\C++Shag\dz_change_code\dz_change_code\dz_change_code.cpp(53,34): warning C4838: conversion from 'int' to 'SHORT' requires a narrowing conversion
C:\Users\HP\source\repos\C++Shag\dz_change_code\dz_change_code\dz_change_code.cpp(90,20): warning C4838: conversion from 'int' to 'SHORT' requires a narrowing conversion
C:\Users\HP\source\repos\C++Shag\dz_change_code\dz_change_code\dz_change_code.cpp(90,25): warning C4838: conversion from 'int' to 'SHORT' requires a narrowing conversion
C:\Users\HP\source\repos\C++Shag\dz_change_code\dz_change_code\dz_change_code.cpp(107,27): warning C4566: character represented by universal-character-name '\u0421' cannot be represented in the current code page (1252)
C:\Users\HP\source\repos\C++Shag\dz_change_code\dz_change_code\dz_change_code.cpp(107,27): warning C4566: character represented by universal-character-name '\u043F' cannot be represented in the current code page (1252)
C:\Users\HP\source\repos\C++Shag\dz_change_code\dz_change_code\dz_change_code.cpp(107,27): warning C4566: character represented by universal-character-name '\u0430' cannot be represented in the current code page (1252)
C:\Users\HP\source\repos\C++Shag\dz_change_code\dz_change_code\dz_change_code.cpp(107,27): warning C4566: character represented by universal-character-name '\u0441' cannot be represented in the current code page (1252)
C:\Users\HP\source\repos\C++Shag\dz_change_code\dz_change_code\dz_change_code.cpp(107,27): warning C4566: character represented by universal-character-name '\u0438' cannot be represented in the current code page (1252)
C:\Users\HP\source\repos\C++Shag\dz_change_code\dz_change_code\dz_change_code.cpp(107,27): warning C4566: character represented by universal-character-name '\u0431' cannot be represented in the current code page (1252)
C:\Users\HP\source\repos\C++Shag\dz_change_code\dz_change_code\dz_change_code.cpp(107,27): warning C4566: character represented by universal-character-name '\u043E' cannot be represented in the current code page (1252)
C:\Users\HP\source\repos\C++Shag\dz_change_code\dz_change_code\dz_change_code.cpp(107,27): warning C4566: character represented by universal-character-name '\u0437' cannot be represented in the current code page (1252)
C:\Users\HP\source\repos\C++Shag\dz_change_code\dz_change_code\dz_change_code.cpp(107,27): warning C4566: character represented by universal-character-name '\u0433' cannot be represented in the current code page (1252)
C:\Users\HP\source\repos\C++Shag\dz_change_code\dz_change_code\dz_change_code.cpp(107,27): warning C4566: character represented by universal-character-name '\u0440' cannot be represented in the current code page (1252)
C:\Users\HP\source\repos\C++Shag\dz_change_code\dz_change_code\dz_change_code.cpp(107,27): warning C4566: character represented by universal-character-name '\u0443' cannot be represented in the current code page (1252)
C:\Users\HP\source\repos\C++Shag\dz_change_code\dz_change_code\dz_change_code.cpp(108,26): warning C4566: character represented by universal-character-name '\u0414' cannot be represented in the current code page (1252)
C:\Users\HP\source\repos\C++Shag\dz_change_code\dz_change_code\dz_change_code.cpp(108,26): warning C4566: character represented by universal-character-name '\u043B' cannot be represented in the current code page (1252)
C:\Users\HP\source\repos\C++Shag\dz_change_code\dz_change_code\dz_change_code.cpp(108,26): warning C4566: character represented by universal-character-name '\u044F' cannot be represented in the current code page (1252)
C:\Users\HP\source\repos\C++Shag\dz_change_code\dz_change_code\dz_change_code.cpp(108,26): warning C4566: character represented by universal-character-name '\u0432' cannot be represented in the current code page (1252)
C:\Users\HP\source\repos\C++Shag\dz_change_code\dz_change_code\dz_change_code.cpp(108,26): warning C4566: character represented by universal-character-name '\u044B' cannot be represented in the current code page (1252)
C:\Users\HP\source\repos\C++Shag\dz_change_code\dz_change_code\dz_change_code.cpp(108,26): warning C4566: character represented by universal-character-name '\u0445' cannot be represented in the current code page (1252)
C:\Users\HP\source\repos\C++Shag\dz_change_code\dz_change_code\dz_change_code.cpp(108,26): warning C4566: character represented by universal-character-name '\u043E' cannot be represented in the current code page (1252)
C:\Users\HP\source\repos\C++Shag\dz_change_code\dz_change_code\dz_change_code.cpp(108,26): warning C4566: character represented by universal-character-name '\u0434' cannot be represented in the current code page (1252)
C:\Users\HP\source\repos\C++Shag\dz_change_code\dz_change_code\dz_change_code.cpp(108,26): warning C4566: character represented by universal-character-name '\u0430' cannot be represented in the current code page (1252)
C:\Users\HP\source\repos\C++Shag\dz_change_code\dz_change_code\dz_change_code.cpp(108,26): warning C4566: character represented by universal-character-name '\u043D' cannot be represented in the current code page (1252)
C:\Users\HP\source\repos\C++Shag\dz_change_code\dz_change_code\dz_change_code.cpp(108,26): warning C4566: character represented by universal-character-name '\u0436' cannot be represented in the current code page (1252)
C:\Users\HP\source\repos\C++Shag\dz_change_code\dz_change_code\dz_change_code.cpp(108,26): warning C4566: character represented by universal-character-name '\u043C' cannot be represented in the current code page (1252)
C:\Users\HP\source\repos\C++Shag\dz_change_code\dz_change_code\dz_change_code.cpp(108,26): warning C4566: character represented by universal-character-name '\u0438' cannot be represented in the current code page (1252)
C:\Users\HP\source\repos\C++Shag\dz_change_code\dz_change_code\dz_change_code.cpp(108,26): warning C4566: character represented by universal-character-name '\u0442' cannot be represented in the current code page (1252)
C:\Users\HP\source\repos\C++Shag\dz_change_code\dz_change_code\dz_change_code.cpp(108,26): warning C4566: character represented by universal-character-name '\u0435' cannot be represented in the current code page (1252)
C:\Users\HP\source\repos\C++Shag\dz_change_code\dz_change_code\dz_change_code.cpp(117,12): warning C4244: 'argument': conversion from 'time_t' to 'unsigned int', possible loss of data
C:\Users\HP\source\repos\C++Shag\dz_change_code\dz_change_code\dz_change_code.cpp(118,19): warning C4566: character represented by universal-character-name '\u041A' cannot be represented in the current code page (1252)
C:\Users\HP\source\repos\C++Shag\dz_change_code\dz_change_code\dz_change_code.cpp(118,19): warning C4566: character represented by universal-character-name '\u041B' cannot be represented in the current code page (1252)
C:\Users\HP\source\repos\C++Shag\dz_change_code\dz_change_code\dz_change_code.cpp(118,19): warning C4566: character represented by universal-character-name '\u0410' cannot be represented in the current code page (1252)
C:\Users\HP\source\repos\C++Shag\dz_change_code\dz_change_code\dz_change_code.cpp(118,19): warning C4566: character represented by universal-character-name '\u0412' cannot be represented in the current code page (1252)
C:\Users\HP\source\repos\C++Shag\dz_change_code\dz_change_code\dz_change_code.cpp(118,19): warning C4566: character represented by universal-character-name '\u0418' cannot be represented in the current code page (1252)
C:\Users\HP\source\repos\C++Shag\dz_change_code\dz_change_code\dz_change_code.cpp(118,19): warning C4566: character represented by universal-character-name '\u0422' cannot be represented in the current code page (1252)
C:\Users\HP\source\repos\C++Shag\dz_change_code\dz_change_code\dz_change_code.cpp(118,19): warning C4566: character represented by universal-character-name '\u0423' cannot be represented in the current code page (1252)
C:\Users\HP\source\repos\C++Shag\dz_change_code\dz_change_code\dz_change_code.cpp(118,19): warning C4566: character represented by universal-character-name '\u0420' cannot be represented in the current code page (1252)
C:\Users\HP\source\repos\C++Shag\dz_change_code\dz_change_code\dz_change_code.cpp(118,19): warning C4566: character represented by universal-character-name '\u041D' cannot be represented in the current code page (1252)
C:\Users\HP\source\repos\C++Shag\dz_change_code\dz_change_code\dz_change_code.cpp(118,19): warning C4566: character represented by universal-character-name '\u042B' cannot be represented in the current code page (1252)
C:\Users\HP\source\repos\C++Shag\dz_change_code\dz_change_code\dz_change_code.cpp(118,19): warning C4566: character represented by universal-character-name '\u0419' cannot be represented in the current code page (1252)
C:\Users\HP\source\repos\C++Shag\dz_change_code\dz_change_code\dz_change_code.cpp(125,20): warning C4566: character represented by universal-character-name '\u0422' cannot be represented in the current code page (1252)
C:\Users\HP\source\repos\C++Shag\dz_change_code\dz_change_code\dz_change_code.cpp(125,20): warning C4566: character represented by universal-character-name '\u0420' cannot be represented in the current code page (1252)
C:\Users\HP\source\repos\C++Shag\dz_change_code\dz_change_code\dz_change_code.cpp(125,20): warning C4566: character represented by universal-character-name '\u0415' cannot be represented in the current code page (1252)
C:\Users\HP\source\repos\C++Shag\dz_change_code\dz_change_code\dz_change_code.cpp(125,20): warning C4566: character represented by universal-character-name '\u041D' cannot be represented in the current code page (1252)
C:\Users\HP\source\repos\C++Shag\dz_change_code\dz_change_code\dz_change_code.cpp(125,20): warning C4566: character represented by universal-character-name '\u0410' cannot be represented in the current code page (1252)
C:\Users\HP\source\repos\C++Shag\dz_change_code\dz_change_code\dz_change_code.cpp(125,20): warning C4566: character represented by universal-character-name '\u0416' cannot be represented in the current code page (1252)
C:\Users\HP\source\repos\C++Shag\dz_change_code\dz_change_code\dz_change_code.cpp(125,20): warning C4566: character represented by universal-character-name '\u0401' cannot be represented in the current code page (1252)
C:\Users\HP\source\repos\C++Shag\dz_change_code\dz_change_code\dz_change_code.cpp(133,29): warning C4566: character represented by universal-character-name '\u0414' cannot be represented in the current code page (1252)
C:\Users\HP\source\repos\C++Shag\dz_change_code\dz_change_code\dz_change_code.cpp(133,29): warning C4566: character represented by universal-character-name '\u043B' cannot be represented in the current code page (1252)
C:\Users\HP\source\repos\C++Shag\dz_change_code\dz_change_code\dz_change_code.cpp(133,29): warning C4566: character represented by universal-character-name '\u044F' cannot be represented in the current code page (1252)
C:\Users\HP\source\repos\C++Shag\dz_change_code\dz_change_code\dz_change_code.cpp(133,29): warning C4566: character represented by universal-character-name '\u043D' cannot be represented in the current code page (1252)
C:\Users\HP\source\repos\C++Shag\dz_change_code\dz_change_code\dz_change_code.cpp(133,29): warning C4566: character represented by universal-character-name '\u0430' cannot be represented in the current code page (1252)
C:\Users\HP\source\repos\C++Shag\dz_change_code\dz_change_code\dz_change_code.cpp(133,29): warning C4566: character represented by universal-character-name '\u0447' cannot be represented in the current code page (1252)
C:\Users\HP\source\repos\C++Shag\dz_change_code\dz_change_code\dz_change_code.cpp(133,29): warning C4566: character represented by universal-character-name '\u0442' cannot be represented in the current code page (1252)
C:\Users\HP\source\repos\C++Shag\dz_change_code\dz_change_code\dz_change_code.cpp(133,29): warning C4566: character represented by universal-character-name '\u0440' cannot be represented in the current code page (1252)
C:\Users\HP\source\repos\C++Shag\dz_change_code\dz_change_code\dz_change_code.cpp(133,29): warning C4566: character represented by universal-character-name '\u0435' cannot be represented in the current code page (1252)
C:\Users\HP\source\repos\C++Shag\dz_change_code\dz_change_code\dz_change_code.cpp(133,29): warning C4566: character represented by universal-character-name '\u0438' cannot be represented in the current code page (1252)
C:\Users\HP\source\repos\C++Shag\dz_change_code\dz_change_code\dz_change_code.cpp(133,29): warning C4566: character represented by universal-character-name '\u043E' cannot be represented in the current code page (1252)
C:\Users\HP\source\repos\C++Shag\dz_change_code\dz_change_code\dz_change_code.cpp(133,29): warning C4566: character represented by universal-character-name '\u0432' cannot be represented in the current code page (1252)
C:\Users\HP\source\repos\C++Shag\dz_change_code\dz_change_code\dz_change_code.cpp(133,29): warning C4566: character represented by universal-character-name '\u043A' cannot be represented in the current code page (1252)
C:\Users\HP\source\repos\C++Shag\dz_change_code\dz_change_code\dz_change_code.cpp(133,29): warning C4566: character represented by universal-character-name '\u0436' cannot be represented in the current code page (1252)
C:\Users\HP\source\repos\C++Shag\dz_change_code\dz_change_code\dz_change_code.cpp(133,29): warning C4566: character represented by universal-character-name '\u043C' cannot be represented in the current code page (1252)
C:\Users\HP\source\repos\C++Shag\dz_change_code\dz_change_code\dz_change_code.cpp(134,27): warning C4566: character represented by universal-character-name '\u0414' cannot be represented in the current code page (1252)
C:\Users\HP\source\repos\C++Shag\dz_change_code\dz_change_code\dz_change_code.cpp(134,27): warning C4566: character represented by universal-character-name '\u043B' cannot be represented in the current code page (1252)
C:\Users\HP\source\repos\C++Shag\dz_change_code\dz_change_code\dz_change_code.cpp(134,27): warning C4566: character represented by universal-character-name '\u044F' cannot be represented in the current code page (1252)
C:\Users\HP\source\repos\C++Shag\dz_change_code\dz_change_code\dz_change_code.cpp(134,27): warning C4566: character represented by universal-character-name '\u0432' cannot be represented in the current code page (1252)
C:\Users\HP\source\repos\C++Shag\dz_change_code\dz_change_code\dz_change_code.cpp(134,27): warning C4566: character represented by universal-character-name '\u044B' cannot be represented in the current code page (1252)
C:\Users\HP\source\repos\C++Shag\dz_change_code\dz_change_code\dz_change_code.cpp(134,27): warning C4566: character represented by universal-character-name '\u0445' cannot be represented in the current code page (1252)
C:\Users\HP\source\repos\C++Shag\dz_change_code\dz_change_code\dz_change_code.cpp(134,27): warning C4566: character represented by universal-character-name '\u043E' cannot be represented in the current code page (1252)
C:\Users\HP\source\repos\C++Shag\dz_change_code\dz_change_code\dz_change_code.cpp(134,27): warning C4566: character represented by universal-character-name '\u0434' cannot be represented in the current code page (1252)
C:\Users\HP\source\repos\C++Shag\dz_change_code\dz_change_code\dz_change_code.cpp(134,27): warning C4566: character represented by universal-character-name '\u0430' cannot be represented in the current code page (1252)
C:\Users\HP\source\repos\C++Shag\dz_change_code\dz_change_code\dz_change_code.cpp(134,27): warning C4566: character represented by universal-character-name '\u0438' cannot be represented in the current code page (1252)
C:\Users\HP\source\repos\C++Shag\dz_change_code\dz_change_code\dz_change_code.cpp(134,27): warning C4566: character represented by universal-character-name '\u0437' cannot be represented in the current code page (1252)
C:\Users\HP\source\repos\C++Shag\dz_change_code\dz_change_code\dz_change_code.cpp(134,27): warning C4566: character represented by universal-character-name '\u043F' cannot be represented in the current code page (1252)
C:\Users\HP\source\repos\C++Shag\dz_change_code\dz_change_code\dz_change_code.cpp(134,27): warning C4566: character represented by universal-character-name '\u0440' cannot be represented in the current code page (1252)
C:\Users\HP\source\repos\C++Shag\dz_change_code\dz_change_code\dz_change_code.cpp(134,27): warning C4566: character represented by universal-character-name '\u0433' cannot be represented in the current code page (1252)
C:\Users\HP\source\repos\C++Shag\dz_change_code\dz_change_code\dz_change_code.cpp(134,27): warning C4566: character represented by universal-character-name '\u043C' cannot be represented in the current code page (1252)
C:\Users\HP\source\repos\C++Shag\dz_change_code\dz_change_code\dz_change_code.cpp(134,27): warning C4566: character represented by universal-character-name '\u043D' cannot be represented in the current code page (1252)
C:\Users\HP\source\repos\C++Shag\dz_change_code\dz_change_code\dz_change_code.cpp(134,27): warning C4566: character represented by universal-character-name '\u0436' cannot be represented in the current code page (1252)
C:\Users\HP\source\repos\C++Shag\dz_change_code\dz_change_code\dz_change_code.cpp(134,27): warning C4566: character represented by universal-character-name '\u0442' cannot be represented in the current code page (1252)
C:\Users\HP\source\repos\C++Shag\dz_change_code\dz_change_code\dz_change_code.cpp(134,27): warning C4566: character represented by universal-character-name '\u0435' cannot be represented in the current code page (1252)
C:\Users\HP\source\repos\C++Shag\dz_change_code\dz_change_code\dz_change_code.cpp(147,11): warning C4838: conversion from 'int' to 'SHORT' requires a narrowing conversion
C:\Users\HP\source\repos\C++Shag\dz_change_code\dz_change_code\dz_change_code.cpp(147,14): warning C4838: conversion from 'int' to 'SHORT' requires a narrowing conversion
C:\Users\HP\source\repos\C++Shag\dz_change_code\dz_change_code\dz_change_code.cpp(170,27): warning C4566: character represented by universal-character-name '\u0412' cannot be represented in the current code page (1252)
C:\Users\HP\source\repos\C++Shag\dz_change_code\dz_change_code\dz_change_code.cpp(170,27): warning C4566: character represented by universal-character-name '\u044B' cannot be represented in the current code page (1252)
C:\Users\HP\source\repos\C++Shag\dz_change_code\dz_change_code\dz_change_code.cpp(170,27): warning C4566: character represented by universal-character-name '\u043F' cannot be represented in the current code page (1252)
C:\Users\HP\source\repos\C++Shag\dz_change_code\dz_change_code\dz_change_code.cpp(170,27): warning C4566: character represented by universal-character-name '\u043E' cannot be represented in the current code page (1252)
C:\Users\HP\source\repos\C++Shag\dz_change_code\dz_change_code\dz_change_code.cpp(170,27): warning C4566: character represented by universal-character-name '\u0431' cannot be represented in the current code page (1252)
C:\Users\HP\source\repos\C++Shag\dz_change_code\dz_change_code\dz_change_code.cpp(170,27): warning C4566: character represented by universal-character-name '\u0435' cannot be represented in the current code page (1252)
C:\Users\HP\source\repos\C++Shag\dz_change_code\dz_change_code\dz_change_code.cpp(170,27): warning C4566: character represented by universal-character-name '\u0434' cannot be represented in the current code page (1252)
C:\Users\HP\source\repos\C++Shag\dz_change_code\dz_change_code\dz_change_code.cpp(170,27): warning C4566: character represented by universal-character-name '\u0438' cannot be represented in the current code page (1252)
C:\Users\HP\source\repos\C++Shag\dz_change_code\dz_change_code\dz_change_code.cpp(170,27): warning C4566: character represented by universal-character-name '\u043B' cannot be represented in the current code page (1252)
C:\Users\HP\source\repos\C++Shag\dz_change_code\dz_change_code\dz_change_code.cpp(171,26): warning C4566: character represented by universal-character-name '\u0414' cannot be represented in the current code page (1252)
C:\Users\HP\source\repos\C++Shag\dz_change_code\dz_change_code\dz_change_code.cpp(171,26): warning C4566: character represented by universal-character-name '\u043B' cannot be represented in the current code page (1252)
C:\Users\HP\source\repos\C++Shag\dz_change_code\dz_change_code\dz_change_code.cpp(171,26): warning C4566: character represented by universal-character-name '\u044F' cannot be represented in the current code page (1252)
C:\Users\HP\source\repos\C++Shag\dz_change_code\dz_change_code\dz_change_code.cpp(171,26): warning C4566: character represented by universal-character-name '\u0432' cannot be represented in the current code page (1252)
C:\Users\HP\source\repos\C++Shag\dz_change_code\dz_change_code\dz_change_code.cpp(171,26): warning C4566: character represented by universal-character-name '\u044B' cannot be represented in the current code page (1252)
C:\Users\HP\source\repos\C++Shag\dz_change_code\dz_change_code\dz_change_code.cpp(171,26): warning C4566: character represented by universal-character-name '\u0445' cannot be represented in the current code page (1252)
C:\Users\HP\source\repos\C++Shag\dz_change_code\dz_change_code\dz_change_code.cpp(171,26): warning C4566: character represented by universal-character-name '\u043E' cannot be represented in the current code page (1252)
C:\Users\HP\source\repos\C++Shag\dz_change_code\dz_change_code\dz_change_code.cpp(171,26): warning C4566: character represented by universal-character-name '\u0434' cannot be represented in the current code page (1252)
C:\Users\HP\source\repos\C++Shag\dz_change_code\dz_change_code\dz_change_code.cpp(171,26): warning C4566: character represented by universal-character-name '\u0430' cannot be represented in the current code page (1252)
C:\Users\HP\source\repos\C++Shag\dz_change_code\dz_change_code\dz_change_code.cpp(171,26): warning C4566: character represented by universal-character-name '\u043D' cannot be represented in the current code page (1252)
C:\Users\HP\source\repos\C++Shag\dz_change_code\dz_change_code\dz_change_code.cpp(171,26): warning C4566: character represented by universal-character-name '\u0436' cannot be represented in the current code page (1252)
C:\Users\HP\source\repos\C++Shag\dz_change_code\dz_change_code\dz_change_code.cpp(171,26): warning C4566: character represented by universal-character-name '\u043C' cannot be represented in the current code page (1252)
C:\Users\HP\source\repos\C++Shag\dz_change_code\dz_change_code\dz_change_code.cpp(171,26): warning C4566: character represented by universal-character-name '\u0438' cannot be represented in the current code page (1252)
C:\Users\HP\source\repos\C++Shag\dz_change_code\dz_change_code\dz_change_code.cpp(171,26): warning C4566: character represented by universal-character-name '\u0442' cannot be represented in the current code page (1252)
C:\Users\HP\source\repos\C++Shag\dz_change_code\dz_change_code\dz_change_code.cpp(171,26): warning C4566: character represented by universal-character-name '\u0435' cannot be represented in the current code page (1252)
C:\Users\HP\source\repos\C++Shag\dz_change_code\dz_change_code\dz_change_code.cpp(182,23): warning C4566: character represented by universal-character-name '\u0422' cannot be represented in the current code page (1252)
C:\Users\HP\source\repos\C++Shag\dz_change_code\dz_change_code\dz_change_code.cpp(182,23): warning C4566: character represented by universal-character-name '\u0435' cannot be represented in the current code page (1252)
C:\Users\HP\source\repos\C++Shag\dz_change_code\dz_change_code\dz_change_code.cpp(182,23): warning C4566: character represented by universal-character-name '\u043A' cannot be represented in the current code page (1252)
C:\Users\HP\source\repos\C++Shag\dz_change_code\dz_change_code\dz_change_code.cpp(182,23): warning C4566: character represented by universal-character-name '\u0443' cannot be represented in the current code page (1252)
C:\Users\HP\source\repos\C++Shag\dz_change_code\dz_change_code\dz_change_code.cpp(182,23): warning C4566: character represented by universal-character-name '\u0449' cannot be represented in the current code page (1252)
C:\Users\HP\source\repos\C++Shag\dz_change_code\dz_change_code\dz_change_code.cpp(182,23): warning C4566: character represented by universal-character-name '\u0438' cannot be represented in the current code page (1252)
C:\Users\HP\source\repos\C++Shag\dz_change_code\dz_change_code\dz_change_code.cpp(182,23): warning C4566: character represented by universal-character-name '\u0439' cannot be represented in the current code page (1252)
C:\Users\HP\source\repos\C++Shag\dz_change_code\dz_change_code\dz_change_code.cpp(182,23): warning C4566: character represented by universal-character-name '\u0441' cannot be represented in the current code page (1252)
C:\Users\HP\source\repos\C++Shag\dz_change_code\dz_change_code\dz_change_code.cpp(182,23): warning C4566: character represented by universal-character-name '\u0447' cannot be represented in the current code page (1252)
C:\Users\HP\source\repos\C++Shag\dz_change_code\dz_change_code\dz_change_code.cpp(182,23): warning C4566: character represented by universal-character-name '\u0451' cannot be represented in the current code page (1252)
C:\Users\HP\source\repos\C++Shag\dz_change_code\dz_change_code\dz_change_code.cpp(182,23): warning C4566: character represented by universal-character-name '\u0442' cannot be represented in the current code page (1252)
C:\Users\HP\source\repos\C++Shag\dz_change_code\dz_change_code\dz_change_code.cpp(199,26): warning C4566: character represented by universal-character-name '\u0422' cannot be represented in the current code page (1252)
C:\Users\HP\source\repos\C++Shag\dz_change_code\dz_change_code\dz_change_code.cpp(199,26): warning C4566: character represented by universal-character-name '\u0435' cannot be represented in the current code page (1252)
C:\Users\HP\source\repos\C++Shag\dz_change_code\dz_change_code\dz_change_code.cpp(199,26): warning C4566: character represented by universal-character-name '\u043A' cannot be represented in the current code page (1252)
C:\Users\HP\source\repos\C++Shag\dz_change_code\dz_change_code\dz_change_code.cpp(199,26): warning C4566: character represented by universal-character-name '\u0443' cannot be represented in the current code page (1252)
C:\Users\HP\source\repos\C++Shag\dz_change_code\dz_change_code\dz_change_code.cpp(199,26): warning C4566: character represented by universal-character-name '\u0449' cannot be represented in the current code page (1252)
C:\Users\HP\source\repos\C++Shag\dz_change_code\dz_change_code\dz_change_code.cpp(199,26): warning C4566: character represented by universal-character-name '\u0438' cannot be represented in the current code page (1252)
C:\Users\HP\source\repos\C++Shag\dz_change_code\dz_change_code\dz_change_code.cpp(199,26): warning C4566: character represented by universal-character-name '\u0439' cannot be represented in the current code page (1252)
C:\Users\HP\source\repos\C++Shag\dz_change_code\dz_change_code\dz_change_code.cpp(199,26): warning C4566: character represented by universal-character-name '\u0441' cannot be represented in the current code page (1252)
C:\Users\HP\source\repos\C++Shag\dz_change_code\dz_change_code\dz_change_code.cpp(199,26): warning C4566: character represented by universal-character-name '\u0447' cannot be represented in the current code page (1252)
C:\Users\HP\source\repos\C++Shag\dz_change_code\dz_change_code\dz_change_code.cpp(199,26): warning C4566: character represented by universal-character-name '\u0451' cannot be represented in the current code page (1252)
C:\Users\HP\source\repos\C++Shag\dz_change_code\dz_change_code\dz_change_code.cpp(199,26): warning C4566: character represented by universal-character-name '\u0442' cannot be represented in the current code page (1252)
C:\Users\HP\source\repos\C++Shag\dz_change_code\dz_change_code\dz_change_code.cpp(201,17): warning C4838: conversion from 'int' to 'SHORT' requires a narrowing conversion
C:\Users\HP\source\repos\C++Shag\dz_change_code\dz_change_code\dz_change_code.cpp(201,36): warning C4838: conversion from 'int' to 'SHORT' requires a narrowing conversion
C:\Users\HP\source\repos\C++Shag\dz_change_code\dz_change_code\dz_change_code.cpp(220,16): warning C4838: conversion from 'int' to 'SHORT' requires a narrowing conversion
C:\Users\HP\source\repos\C++Shag\dz_change_code\dz_change_code\dz_change_code.cpp(220,35): warning C4838: conversion from 'int' to 'SHORT' requires a narrowing conversion
C:\Users\HP\source\repos\C++Shag\dz_change_code\dz_change_code\dz_change_code.cpp(234,26): warning C4566: character represented by universal-character-name '\u0422' cannot be represented in the current code page (1252)
C:\Users\HP\source\repos\C++Shag\dz_change_code\dz_change_code\dz_change_code.cpp(234,26): warning C4566: character represented by universal-character-name '\u0435' cannot be represented in the current code page (1252)
C:\Users\HP\source\repos\C++Shag\dz_change_code\dz_change_code\dz_change_code.cpp(234,26): warning C4566: character represented by universal-character-name '\u043A' cannot be represented in the current code page (1252)
C:\Users\HP\source\repos\C++Shag\dz_change_code\dz_change_code\dz_change_code.cpp(234,26): warning C4566: character represented by universal-character-name '\u0443' cannot be represented in the current code page (1252)
C:\Users\HP\source\repos\C++Shag\dz_change_code\dz_change_code\dz_change_code.cpp(234,26): warning C4566: character represented by universal-character-name '\u0449' cannot be represented in the current code page (1252)
C:\Users\HP\source\repos\C++Shag\dz_change_code\dz_change_code\dz_change_code.cpp(234,26): warning C4566: character represented by universal-character-name '\u0438' cannot be represented in the current code page (1252)
C:\Users\HP\source\repos\C++Shag\dz_change_code\dz_change_code\dz_change_code.cpp(234,26): warning C4566: character represented by universal-character-name '\u0439' cannot be represented in the current code page (1252)
C:\Users\HP\source\repos\C++Shag\dz_change_code\dz_change_code\dz_change_code.cpp(234,26): warning C4566: character represented by universal-character-name '\u0441' cannot be represented in the current code page (1252)
C:\Users\HP\source\repos\C++Shag\dz_change_code\dz_change_code\dz_change_code.cpp(234,26): warning C4566: character represented by universal-character-name '\u0447' cannot be represented in the current code page (1252)
C:\Users\HP\source\repos\C++Shag\dz_change_code\dz_change_code\dz_change_code.cpp(234,26): warning C4566: character represented by universal-character-name '\u0451' cannot be represented in the current code page (1252)
C:\Users\HP\source\repos\C++Shag\dz_change_code\dz_change_code\dz_change_code.cpp(234,26): warning C4566: character represented by universal-character-name '\u0442' cannot be represented in the current code page (1252)
C:\Users\HP\source\repos\C++Shag\dz_change_code\dz_change_code\dz_change_code.cpp(249,9): warning C4566: character represented by universal-character-name '\u041A' cannot be represented in the current code page (1252)
C:\Users\HP\source\repos\C++Shag\dz_change_code\dz_change_code\dz_change_code.cpp(249,9): warning C4566: character represented by universal-character-name '\u043B' cannot be represented in the current code page (1252)
C:\Users\HP\source\repos\C++Shag\dz_change_code\dz_change_code\dz_change_code.cpp(249,9): warning C4566: character represented by universal-character-name '\u0430' cannot be represented in the current code page (1252)
C:\Users\HP\source\repos\C++Shag\dz_change_code\dz_change_code\dz_change_code.cpp(249,9): warning C4566: character represented by universal-character-name '\u0432' cannot be represented in the current code page (1252)
C:\Users\HP\source\repos\C++Shag\dz_change_code\dz_change_code\dz_change_code.cpp(249,9): warning C4566: character represented by universal-character-name '\u0438' cannot be represented in the current code page (1252)
C:\Users\HP\source\repos\C++Shag\dz_change_code\dz_change_code\dz_change_code.cpp(249,9): warning C4566: character represented by universal-character-name '\u0442' cannot be represented in the current code page (1252)
C:\Users\HP\source\repos\C++Shag\dz_change_code\dz_change_code\dz_change_code.cpp(249,9): warning C4566: character represented by universal-character-name '\u0443' cannot be represented in the current code page (1252)
C:\Users\HP\source\repos\C++Shag\dz_change_code\dz_change_code\dz_change_code.cpp(249,9): warning C4566: character represented by universal-character-name '\u0440' cannot be represented in the current code page (1252)
C:\Users\HP\source\repos\C++Shag\dz_change_code\dz_change_code\dz_change_code.cpp(249,9): warning C4566: character represented by universal-character-name '\u043D' cannot be represented in the current code page (1252)
C:\Users\HP\source\repos\C++Shag\dz_change_code\dz_change_code\dz_change_code.cpp(249,9): warning C4566: character represented by universal-character-name '\u044B' cannot be represented in the current code page (1252)
C:\Users\HP\source\repos\C++Shag\dz_change_code\dz_change_code\dz_change_code.cpp(249,9): warning C4566: character represented by universal-character-name '\u0439' cannot be represented in the current code page (1252)
C:\Users\HP\source\repos\C++Shag\dz_change_code\dz_change_code\dz_change_code.cpp(249,9): warning C4566: character represented by universal-character-name '\u0435' cannot be represented in the current code page (1252)
C:\Users\HP\source\repos\C++Shag\dz_change_code\dz_change_code\dz_change_code.cpp(249,9): warning C4566: character represented by universal-character-name '\u0436' cannot be represented in the current code page (1252)
C:\Users\HP\source\repos\C++Shag\dz_change_code\dz_change_code\dz_change_code.cpp(249,9): warning C4566: character represented by universal-character-name '\u0451' cannot be represented in the current code page (1252)
C:\Users\HP\source\repos\C++Shag\dz_change_code\dz_change_code\dz_change_code.cpp(253,24): warning C4566: character represented by universal-character-name '\u0421' cannot be represented in the current code page (1252)
C:\Users\HP\source\repos\C++Shag\dz_change_code\dz_change_code\dz_change_code.cpp(253,24): warning C4566: character represented by universal-character-name '\u043F' cannot be represented in the current code page (1252)
C:\Users\HP\source\repos\C++Shag\dz_change_code\dz_change_code\dz_change_code.cpp(253,24): warning C4566: character represented by universal-character-name '\u0440' cannot be represented in the current code page (1252)
C:\Users\HP\source\repos\C++Shag\dz_change_code\dz_change_code\dz_change_code.cpp(253,24): warning C4566: character represented by universal-character-name '\u0430' cannot be represented in the current code page (1252)
C:\Users\HP\source\repos\C++Shag\dz_change_code\dz_change_code\dz_change_code.cpp(253,24): warning C4566: character represented by universal-character-name '\u0432' cannot be represented in the current code page (1252)
C:\Users\HP\source\repos\C++Shag\dz_change_code\dz_change_code\dz_change_code.cpp(253,24): warning C4566: character represented by universal-character-name '\u043A' cannot be represented in the current code page (1252)
C:\Users\HP\source\repos\C++Shag\dz_change_code\dz_change_code\dz_change_code.cpp(254,27): warning C4566: character represented by universal-character-name '\u0418' cannot be represented in the current code page (1252)
C:\Users\HP\source\repos\C++Shag\dz_change_code\dz_change_code\dz_change_code.cpp(254,27): warning C4566: character represented by universal-character-name '\u0433' cannot be represented in the current code page (1252)
C:\Users\HP\source\repos\C++Shag\dz_change_code\dz_change_code\dz_change_code.cpp(254,27): warning C4566: character represented by universal-character-name '\u0440' cannot be represented in the current code page (1252)
C:\Users\HP\source\repos\C++Shag\dz_change_code\dz_change_code\dz_change_code.cpp(254,27): warning C4566: character represented by universal-character-name '\u0430' cannot be represented in the current code page (1252)
C:\Users\HP\source\repos\C++Shag\dz_change_code\dz_change_code\dz_change_code.cpp(255,27): warning C4566: character represented by universal-character-name '\u0412' cannot be represented in the current code page (1252)
C:\Users\HP\source\repos\C++Shag\dz_change_code\dz_change_code\dz_change_code.cpp(255,27): warning C4566: character represented by universal-character-name '\u044B' cannot be represented in the current code page (1252)
C:\Users\HP\source\repos\C++Shag\dz_change_code\dz_change_code\dz_change_code.cpp(255,27): warning C4566: character represented by universal-character-name '\u0445' cannot be represented in the current code page (1252)
C:\Users\HP\source\repos\C++Shag\dz_change_code\dz_change_code\dz_change_code.cpp(255,27): warning C4566: character represented by universal-character-name '\u043E' cannot be represented in the current code page (1252)
C:\Users\HP\source\repos\C++Shag\dz_change_code\dz_change_code\dz_change_code.cpp(255,27): warning C4566: character represented by universal-character-name '\u0434' cannot be represented in the current code page (1252)
C:\Users\HP\source\repos\C++Shag\dz_change_code\dz_change_code\dz_change_code.cpp(269,27): warning C4566: character represented by universal-character-name '\u0421' cannot be represented in the current code page (1252)
C:\Users\HP\source\repos\C++Shag\dz_change_code\dz_change_code\dz_change_code.cpp(269,27): warning C4566: character represented by universal-character-name '\u043F' cannot be represented in the current code page (1252)
C:\Users\HP\source\repos\C++Shag\dz_change_code\dz_change_code\dz_change_code.cpp(269,27): warning C4566: character represented by universal-character-name '\u0440' cannot be represented in the current code page (1252)
C:\Users\HP\source\repos\C++Shag\dz_change_code\dz_change_code\dz_change_code.cpp(269,27): warning C4566: character represented by universal-character-name '\u0430' cannot be represented in the current code page (1252)
C:\Users\HP\source\repos\C++Shag\dz_change_code\dz_change_code\dz_change_code.cpp(269,27): warning C4566: character represented by universal-character-name '\u0432' cannot be represented in the current code page (1252)
C:\Users\HP\source\repos\C++Shag\dz_change_code\dz_change_code\dz_change_code.cpp(269,27): warning C4566: character represented by universal-character-name '\u043A' cannot be represented in the current code page (1252)
C:\Users\HP\source\repos\C++Shag\dz_change_code\dz_change_code\dz_change_code.cpp(270,32): warning C4566: character represented by universal-character-name '\u0418' cannot be represented in the current code page (1252)
C:\Users\HP\source\repos\C++Shag\dz_change_code\dz_change_code\dz_change_code.cpp(270,32): warning C4566: character represented by universal-character-name '\u0433' cannot be represented in the current code page (1252)
C:\Users\HP\source\repos\C++Shag\dz_change_code\dz_change_code\dz_change_code.cpp(270,32): warning C4566: character represented by universal-character-name '\u0440' cannot be represented in the current code page (1252)
C:\Users\HP\source\repos\C++Shag\dz_change_code\dz_change_code\dz_change_code.cpp(270,32): warning C4566: character represented by universal-character-name '\u0430' cannot be represented in the current code page (1252)
C:\Users\HP\source\repos\C++Shag\dz_change_code\dz_change_code\dz_change_code.cpp(273,31): warning C4566: character represented by universal-character-name '\u0418' cannot be represented in the current code page (1252)
C:\Users\HP\source\repos\C++Shag\dz_change_code\dz_change_code\dz_change_code.cpp(273,31): warning C4566: character represented by universal-character-name '\u0433' cannot be represented in the current code page (1252)
C:\Users\HP\source\repos\C++Shag\dz_change_code\dz_change_code\dz_change_code.cpp(273,31): warning C4566: character represented by universal-character-name '\u0440' cannot be represented in the current code page (1252)
C:\Users\HP\source\repos\C++Shag\dz_change_code\dz_change_code\dz_change_code.cpp(273,31): warning C4566: character represented by universal-character-name '\u0430' cannot be represented in the current code page (1252)
C:\Users\HP\source\repos\C++Shag\dz_change_code\dz_change_code\dz_change_code.cpp(274,32): warning C4566: character represented by universal-character-name '\u0412' cannot be represented in the current code page (1252)
C:\Users\HP\source\repos\C++Shag\dz_change_code\dz_change_code\dz_change_code.cpp(274,32): warning C4566: character represented by universal-character-name '\u044B' cannot be represented in the current code page (1252)
C:\Users\HP\source\repos\C++Shag\dz_change_code\dz_change_code\dz_change_code.cpp(274,32): warning C4566: character represented by universal-character-name '\u0445' cannot be represented in the current code page (1252)
C:\Users\HP\source\repos\C++Shag\dz_change_code\dz_change_code\dz_change_code.cpp(274,32): warning C4566: character represented by universal-character-name '\u043E' cannot be represented in the current code page (1252)
C:\Users\HP\source\repos\C++Shag\dz_change_code\dz_change_code\dz_change_code.cpp(274,32): warning C4566: character represented by universal-character-name '\u0434' cannot be represented in the current code page (1252)
C:\Users\HP\source\repos\C++Shag\dz_change_code\dz_change_code\dz_change_code.cpp(285,32): warning C4566: character represented by universal-character-name '\u0418' cannot be represented in the current code page (1252)
C:\Users\HP\source\repos\C++Shag\dz_change_code\dz_change_code\dz_change_code.cpp(285,32): warning C4566: character represented by universal-character-name '\u0433' cannot be represented in the current code page (1252)
C:\Users\HP\source\repos\C++Shag\dz_change_code\dz_change_code\dz_change_code.cpp(285,32): warning C4566: character represented by universal-character-name '\u0440' cannot be represented in the current code page (1252)
C:\Users\HP\source\repos\C++Shag\dz_change_code\dz_change_code\dz_change_code.cpp(285,32): warning C4566: character represented by universal-character-name '\u0430' cannot be represented in the current code page (1252)
C:\Users\HP\source\repos\C++Shag\dz_change_code\dz_change_code\dz_change_code.cpp(286,31): warning C4566: character represented by universal-character-name '\u0412' cannot be represented in the current code page (1252)
C:\Users\HP\source\repos\C++Shag\dz_change_code\dz_change_code\dz_change_code.cpp(286,31): warning C4566: character represented by universal-character-name '\u044B' cannot be represented in the current code page (1252)
C:\Users\HP\source\repos\C++Shag\dz_change_code\dz_change_code\dz_change_code.cpp(286,31): warning C4566: character represented by universal-character-name '\u0445' cannot be represented in the current code page (1252)
C:\Users\HP\source\repos\C++Shag\dz_change_code\dz_change_code\dz_change_code.cpp(286,31): warning C4566: character represented by universal-character-name '\u043E' cannot be represented in the current code page (1252)
C:\Users\HP\source\repos\C++Shag\dz_change_code\dz_change_code\dz_change_code.cpp(286,31): warning C4566: character represented by universal-character-name '\u0434' cannot be represented in the current code page (1252)
C:\Users\HP\source\repos\C++Shag\dz_change_code\dz_change_code\dz_change_code.cpp(290,28): warning C4566: character represented by universal-character-name '\u0421' cannot be represented in the current code page (1252)
C:\Users\HP\source\repos\C++Shag\dz_change_code\dz_change_code\dz_change_code.cpp(290,28): warning C4566: character represented by universal-character-name '\u043F' cannot be represented in the current code page (1252)
C:\Users\HP\source\repos\C++Shag\dz_change_code\dz_change_code\dz_change_code.cpp(290,28): warning C4566: character represented by universal-character-name '\u0440' cannot be represented in the current code page (1252)
C:\Users\HP\source\repos\C++Shag\dz_change_code\dz_change_code\dz_change_code.cpp(290,28): warning C4566: character represented by universal-character-name '\u0430' cannot be represented in the current code page (1252)
C:\Users\HP\source\repos\C++Shag\dz_change_code\dz_change_code\dz_change_code.cpp(290,28): warning C4566: character represented by universal-character-name '\u0432' cannot be represented in the current code page (1252)
C:\Users\HP\source\repos\C++Shag\dz_change_code\dz_change_code\dz_change_code.cpp(290,28): warning C4566: character represented by universal-character-name '\u043A' cannot be represented in the current code page (1252)
C:\Users\HP\source\repos\C++Shag\dz_change_code\dz_change_code\dz_change_code.cpp(291,31): warning C4566: character represented by universal-character-name '\u0418' cannot be represented in the current code page (1252)
C:\Users\HP\source\repos\C++Shag\dz_change_code\dz_change_code\dz_change_code.cpp(291,31): warning C4566: character represented by universal-character-name '\u0433' cannot be represented in the current code page (1252)
C:\Users\HP\source\repos\C++Shag\dz_change_code\dz_change_code\dz_change_code.cpp(291,31): warning C4566: character represented by universal-character-name '\u0440' cannot be represented in the current code page (1252)
C:\Users\HP\source\repos\C++Shag\dz_change_code\dz_change_code\dz_change_code.cpp(291,31): warning C4566: character represented by universal-character-name '\u0430' cannot be represented in the current code page (1252)
  dz_change_code.vcxproj -> C:\Users\HP\source\repos\C++Shag\dz_change_code\x64\Debug\dz_change_code.exe
